<?xml version="1.0" encoding="UTF-8"?>
<!-- Generated by org.testng.reporters.JUnitXMLReporter -->
<testsuite hostname="DESKTOP-NP8VCI1" failures="1" tests="1" name="AssertTitle" time="48.91" errors="0" timestamp="6 Jan 2020 13:46:14 GMT">
  <testcase classname="AllTopics.AssertionTitle" name="basePageNavigation" time="0.084">
    <failure type="java.lang.AssertionError" message="expected [FEATURED COURSES1234567] but found [FEATURED COURSES]">
      <![CDATA[java.lang.AssertionError: expected [FEATURED COURSES1234567] but found [FEATURED COURSES]
	at AllTopics.AssertionTitle.basePageNavigation(AssertionTitle.java:32)
... Removed 29 stack frames]]>
    </failure>
  </testcase> <!-- basePageNavigation -->
</testsuite> <!-- AssertTitle -->
