<?xml version="1.0" encoding="UTF-8"?>
<!-- Generated by org.testng.reporters.JUnitXMLReporter -->
<testsuite hostname="DESKTOP-NP8VCI1" failures="0" tests="4" name="Test" time="286.717" errors="0" timestamp="6 Jan 2020 11:53:02 GMT">
  <testcase classname="AllTopics.HomePage" name="basePageNavigation" time="80.44"/>
  <testcase classname="AllTopics.HomePage" name="basePageNavigation" time="86.324"/>
  <testcase classname="AllTopics.AssertionNavigationBar" name="basePageNavigation" time="71.191"/>
  <testcase classname="AllTopics.AssertionTitle" name="basePageNavigation" time="0.11"/>
</testsuite> <!-- Test -->
