<?xml version="1.0" encoding="UTF-8"?>
<!-- Generated by org.testng.reporters.JUnitXMLReporter -->
<testsuite hostname="DESKTOP-NP8VCI1" failures="0" tests="4" name="Test" time="171.848" errors="0" timestamp="6 Jan 2020 11:56:20 GMT">
  <testcase classname="AllTopics.HomePage" name="basePageNavigation" time="43.453"/>
  <testcase classname="AllTopics.HomePage" name="basePageNavigation" time="45.032"/>
  <testcase classname="AllTopics.AssertionNavigationBar" name="basePageNavigation" time="40.514"/>
  <testcase classname="AllTopics.AssertionTitle" name="basePageNavigation" time="0.109"/>
</testsuite> <!-- Test -->
