<?xml version="1.0" encoding="UTF-8"?>
<testng-results total="4" passed="4" failed="0" skipped="0">
  <reporter-output>
  </reporter-output>
  <suite started-at="2020-01-07T02:58:02Z" name="Suite" finished-at="2020-01-07T03:02:45Z" duration-ms="283701">
    <groups>
    </groups>
    <test started-at="2020-01-07T02:58:02Z" name="AssertTesting" finished-at="2020-01-07T02:59:08Z" duration-ms="66248">
      <class name="AllTopics.AssertionNavigationBar">
        <test-method signature="validateAppNavBar()[pri:0, instance:AllTopics.AssertionNavigationBar@40499e4f]" started-at="2020-01-07T08:28:02Z" name="validateAppNavBar" finished-at="2020-01-07T08:29:03Z" duration-ms="61255" status="PASS">
          <reporter-output>
          </reporter-output>
        </test-method> <!-- validateAppNavBar -->
        <test-method is-config="true" signature="getDown()[pri:0, instance:AllTopics.AssertionNavigationBar@40499e4f]" started-at="2020-01-07T08:29:03Z" name="getDown" finished-at="2020-01-07T08:29:08Z" duration-ms="4957" status="PASS">
          <reporter-output>
          </reporter-output>
        </test-method> <!-- getDown -->
      </class> <!-- AllTopics.AssertionNavigationBar -->
    </test> <!-- AssertTesting -->
    <test started-at="2020-01-07T02:59:22Z" name="ValidatingHomePage" finished-at="2020-01-07T03:01:58Z" duration-ms="156102">
      <class name="AllTopics.HomePage">
        <test-method signature="basePageNavigation(java.lang.String, java.lang.String)[pri:0, instance:AllTopics.HomePage@60f7cc1d]" started-at="2020-01-07T08:29:22Z" name="basePageNavigation" data-provider="getData" finished-at="2020-01-07T08:30:14Z" duration-ms="51502" status="PASS">
          <params>
            <param index="0">
              <value>
                <![CDATA[nonrestricteduser.com]]>
              </value>
            </param>
            <param index="1">
              <value>
                <![CDATA[12345]]>
              </value>
            </param>
          </params>
          <reporter-output>
          </reporter-output>
        </test-method> <!-- basePageNavigation -->
        <test-method signature="basePageNavigation(java.lang.String, java.lang.String)[pri:0, instance:AllTopics.HomePage@60f7cc1d]" started-at="2020-01-07T08:30:14Z" name="basePageNavigation" data-provider="getData" finished-at="2020-01-07T08:31:55Z" duration-ms="101816" status="PASS">
          <params>
            <param index="0">
              <value>
                <![CDATA[restricteduser.com]]>
              </value>
            </param>
            <param index="1">
              <value>
                <![CDATA[5678]]>
              </value>
            </param>
          </params>
          <reporter-output>
          </reporter-output>
        </test-method> <!-- basePageNavigation -->
        <test-method is-config="true" signature="getDown()[pri:0, instance:AllTopics.HomePage@60f7cc1d]" started-at="2020-01-07T08:31:55Z" name="getDown" finished-at="2020-01-07T08:31:58Z" duration-ms="2780" status="PASS">
          <reporter-output>
          </reporter-output>
        </test-method> <!-- getDown -->
      </class> <!-- AllTopics.HomePage -->
    </test> <!-- ValidatingHomePage -->
    <test started-at="2020-01-07T03:02:04Z" name="AssertTitle" finished-at="2020-01-07T03:02:45Z" duration-ms="41140">
      <class name="AllTopics.AssertionTitle">
        <test-method is-config="true" signature="getStart()[pri:0, instance:AllTopics.AssertionTitle@56c9bbd8]" started-at="2020-01-07T08:32:04Z" name="getStart" finished-at="2020-01-07T08:32:45Z" duration-ms="40620" status="PASS">
          <reporter-output>
          </reporter-output>
        </test-method> <!-- getStart -->
        <test-method signature="validateAppTitle()[pri:0, instance:AllTopics.AssertionTitle@56c9bbd8]" started-at="2020-01-07T08:32:45Z" name="validateAppTitle" finished-at="2020-01-07T08:32:45Z" duration-ms="101" status="PASS">
          <reporter-output>
          </reporter-output>
        </test-method> <!-- validateAppTitle -->
        <test-method is-config="true" signature="getDown()[pri:0, instance:AllTopics.AssertionTitle@56c9bbd8]" started-at="2020-01-07T08:32:45Z" name="getDown" finished-at="2020-01-07T08:32:45Z" duration-ms="419" status="PASS">
          <reporter-output>
          </reporter-output>
        </test-method> <!-- getDown -->
      </class> <!-- AllTopics.AssertionTitle -->
    </test> <!-- AssertTitle -->
  </suite> <!-- Suite -->
</testng-results>
