<?xml version="1.0" encoding="UTF-8"?>
<testsuite xmlns:xsi="http://www.w3.org/2001/XMLSchema-instance" xsi:noNamespaceSchemaLocation="https://maven.apache.org/surefire/maven-surefire-plugin/xsd/surefire-test-report.xsd" name="TestSuite" time="314.732" tests="4" errors="0" skipped="0" failures="0">
  <properties>
[...]
</properties>
  <testcase name="validateAppNavBar" classname="AllTopics.AssertionNavigationBar" time="61.255"/>
  <testcase name="basePageNavigation" classname="AllTopics.HomePage" time="51.506"/>
  <testcase name="basePageNavigation" classname="AllTopics.HomePage" time="101.812"/>
  <testcase name="validateAppTitle" classname="AllTopics.AssertionTitle" time="0.097"/>
</testsuite>